<?xml version="1.0" encoding="UTF-8"?>
<testsuite xmlns:xsi="http://www.w3.org/2001/XMLSchema-instance" xsi:noNamespaceSchemaLocation="https://maven.apache.org/surefire/maven-surefire-plugin/xsd/surefire-test-report-3.0.xsd" version="3.0" name="com.sample.BedrockEmbeddingTest" time="0.053" tests="3" errors="0" skipped="3" failures="0">
  <properties>
    <property name="java.specification.version" value="21"/>
    <property name="sun.jnu.encoding" value="UTF-8"/>
    <property name="java.class.path" value="/Users/sethford/Downloads/sample-app/EmbeddingFunction/target/test-classes:/Users/sethford/Downloads/sample-app/EmbeddingFunction/target/classes:/Users/sethford/.m2/repository/com/amazonaws/aws-lambda-java-core/1.2.1/aws-lambda-java-core-1.2.1.jar:/Users/sethford/.m2/repository/com/amazonaws/aws-lambda-java-events/3.11.0/aws-lambda-java-events-3.11.0.jar:/Users/sethford/.m2/repository/joda-time/joda-time/2.6/joda-time-2.6.jar:/Users/sethford/.m2/repository/software/amazon/awssdk/dynamodb/2.20.134/dynamodb-2.20.134.jar:/Users/sethford/.m2/repository/software/amazon/awssdk/aws-json-protocol/2.20.134/aws-json-protocol-2.20.134.jar:/Users/sethford/.m2/repository/software/amazon/awssdk/third-party-jackson-core/2.20.134/third-party-jackson-core-2.20.134.jar:/Users/sethford/.m2/repository/software/amazon/awssdk/protocol-core/2.20.134/protocol-core-2.20.134.jar:/Users/sethford/.m2/repository/software/amazon/awssdk/profiles/2.20.134/profiles-2.20.134.jar:/Users/sethford/.m2/repository/software/amazon/awssdk/sdk-core/2.20.134/sdk-core-2.20.134.jar:/Users/sethford/.m2/repository/org/reactivestreams/reactive-streams/1.0.4/reactive-streams-1.0.4.jar:/Users/sethford/.m2/repository/software/amazon/awssdk/auth/2.20.134/auth-2.20.134.jar:/Users/sethford/.m2/repository/software/amazon/eventstream/eventstream/1.0.1/eventstream-1.0.1.jar:/Users/sethford/.m2/repository/software/amazon/awssdk/http-client-spi/2.20.134/http-client-spi-2.20.134.jar:/Users/sethford/.m2/repository/software/amazon/awssdk/regions/2.20.134/regions-2.20.134.jar:/Users/sethford/.m2/repository/software/amazon/awssdk/annotations/2.20.134/annotations-2.20.134.jar:/Users/sethford/.m2/repository/software/amazon/awssdk/utils/2.20.134/utils-2.20.134.jar:/Users/sethford/.m2/repository/software/amazon/awssdk/aws-core/2.20.134/aws-core-2.20.134.jar:/Users/sethford/.m2/repository/software/amazon/awssdk/metrics-spi/2.20.134/metrics-spi-2.20.134.jar:/Users/sethford/.m2/repository/software/amazon/awssdk/json-utils/2.20.134/json-utils-2.20.134.jar:/Users/sethford/.m2/repository/software/amazon/awssdk/endpoints-spi/2.20.134/endpoints-spi-2.20.134.jar:/Users/sethford/.m2/repository/software/amazon/awssdk/apache-client/2.20.134/apache-client-2.20.134.jar:/Users/sethford/.m2/repository/software/amazon/awssdk/netty-nio-client/2.20.134/netty-nio-client-2.20.134.jar:/Users/sethford/.m2/repository/io/netty/netty-codec-http/4.1.94.Final/netty-codec-http-4.1.94.Final.jar:/Users/sethford/.m2/repository/io/netty/netty-codec-http2/4.1.94.Final/netty-codec-http2-4.1.94.Final.jar:/Users/sethford/.m2/repository/io/netty/netty-codec/4.1.94.Final/netty-codec-4.1.94.Final.jar:/Users/sethford/.m2/repository/io/netty/netty-transport/4.1.94.Final/netty-transport-4.1.94.Final.jar:/Users/sethford/.m2/repository/io/netty/netty-common/4.1.94.Final/netty-common-4.1.94.Final.jar:/Users/sethford/.m2/repository/io/netty/netty-buffer/4.1.94.Final/netty-buffer-4.1.94.Final.jar:/Users/sethford/.m2/repository/io/netty/netty-handler/4.1.94.Final/netty-handler-4.1.94.Final.jar:/Users/sethford/.m2/repository/io/netty/netty-transport-native-unix-common/4.1.94.Final/netty-transport-native-unix-common-4.1.94.Final.jar:/Users/sethford/.m2/repository/io/netty/netty-transport-classes-epoll/4.1.94.Final/netty-transport-classes-epoll-4.1.94.Final.jar:/Users/sethford/.m2/repository/io/netty/netty-resolver/4.1.94.Final/netty-resolver-4.1.94.Final.jar:/Users/sethford/.m2/repository/software/amazon/awssdk/dax/2.30.26/dax-2.30.26.jar:/Users/sethford/.m2/repository/software/amazon/awssdk/http-auth-aws/2.30.26/http-auth-aws-2.30.26.jar:/Users/sethford/.m2/repository/software/amazon/awssdk/checksums-spi/2.30.26/checksums-spi-2.30.26.jar:/Users/sethford/.m2/repository/software/amazon/awssdk/checksums/2.30.26/checksums-2.30.26.jar:/Users/sethford/.m2/repository/software/amazon/awssdk/http-auth-spi/2.30.26/http-auth-spi-2.30.26.jar:/Users/sethford/.m2/repository/software/amazon/awssdk/http-auth/2.30.26/http-auth-2.30.26.jar:/Users/sethford/.m2/repository/software/amazon/awssdk/identity-spi/2.30.26/identity-spi-2.30.26.jar:/Users/sethford/.m2/repository/software/amazon/awssdk/retries-spi/2.30.26/retries-spi-2.30.26.jar:/Users/sethford/.m2/repository/software/amazon/dax/amazon-dax-client/2.0.5/amazon-dax-client-2.0.5.jar:/Users/sethford/.m2/repository/software/amazon/awssdk/bedrockruntime/2.30.26/bedrockruntime-2.30.26.jar:/Users/sethford/.m2/repository/software/amazon/awssdk/cloudwatchlogs/2.20.134/cloudwatchlogs-2.20.134.jar:/Users/sethford/.m2/repository/software/amazon/awssdk/cloudwatch/2.20.134/cloudwatch-2.20.134.jar:/Users/sethford/.m2/repository/software/amazon/awssdk/aws-query-protocol/2.20.134/aws-query-protocol-2.20.134.jar:/Users/sethford/.m2/repository/com/fasterxml/jackson/core/jackson-databind/2.15.0/jackson-databind-2.15.0.jar:/Users/sethford/.m2/repository/com/fasterxml/jackson/core/jackson-annotations/2.15.0/jackson-annotations-2.15.0.jar:/Users/sethford/.m2/repository/com/fasterxml/jackson/core/jackson-core/2.15.0/jackson-core-2.15.0.jar:/Users/sethford/.m2/repository/org/slf4j/slf4j-api/1.7.36/slf4j-api-1.7.36.jar:/Users/sethford/.m2/repository/ch/qos/logback/logback-classic/1.2.11/logback-classic-1.2.11.jar:/Users/sethford/.m2/repository/ch/qos/logback/logback-core/1.2.11/logback-core-1.2.11.jar:/Users/sethford/.m2/repository/com/amazonaws/aws-lambda-java-runtime-interface-client/1.1.0/aws-lambda-java-runtime-interface-client-1.1.0.jar:/Users/sethford/.m2/repository/com/amazonaws/aws-lambda-java-serialization/1.0.0/aws-lambda-java-serialization-1.0.0.jar:/Users/sethford/.m2/repository/org/junit/jupiter/junit-jupiter-api/5.8.1/junit-jupiter-api-5.8.1.jar:/Users/sethford/.m2/repository/org/opentest4j/opentest4j/1.2.0/opentest4j-1.2.0.jar:/Users/sethford/.m2/repository/org/junit/platform/junit-platform-commons/1.8.1/junit-platform-commons-1.8.1.jar:/Users/sethford/.m2/repository/org/apiguardian/apiguardian-api/1.1.2/apiguardian-api-1.1.2.jar:/Users/sethford/.m2/repository/org/junit/jupiter/junit-jupiter-engine/5.8.1/junit-jupiter-engine-5.8.1.jar:/Users/sethford/.m2/repository/org/junit/platform/junit-platform-engine/1.8.1/junit-platform-engine-1.8.1.jar:/Users/sethford/.m2/repository/org/opensearch/client/opensearch-rest-high-level-client/2.11.1/opensearch-rest-high-level-client-2.11.1.jar:/Users/sethford/.m2/repository/org/opensearch/plugin/mapper-extras-client/2.11.1/mapper-extras-client-2.11.1.jar:/Users/sethford/.m2/repository/org/opensearch/plugin/parent-join-client/2.11.1/parent-join-client-2.11.1.jar:/Users/sethford/.m2/repository/org/opensearch/plugin/aggs-matrix-stats-client/2.11.1/aggs-matrix-stats-client-2.11.1.jar:/Users/sethford/.m2/repository/org/opensearch/plugin/rank-eval-client/2.11.1/rank-eval-client-2.11.1.jar:/Users/sethford/.m2/repository/org/opensearch/plugin/lang-mustache-client/2.11.1/lang-mustache-client-2.11.1.jar:/Users/sethford/.m2/repository/com/github/spullara/mustache/java/compiler/0.9.10/compiler-0.9.10.jar:/Users/sethford/.m2/repository/org/opensearch/client/opensearch-rest-client/2.11.1/opensearch-rest-client-2.11.1.jar:/Users/sethford/.m2/repository/org/apache/httpcomponents/httpasyncclient/4.1.5/httpasyncclient-4.1.5.jar:/Users/sethford/.m2/repository/org/apache/httpcomponents/httpcore-nio/4.4.16/httpcore-nio-4.4.16.jar:/Users/sethford/.m2/repository/commons-codec/commons-codec/1.15/commons-codec-1.15.jar:/Users/sethford/.m2/repository/commons-logging/commons-logging/1.2/commons-logging-1.2.jar:/Users/sethford/.m2/repository/org/opensearch/opensearch/2.11.1/opensearch-2.11.1.jar:/Users/sethford/.m2/repository/org/opensearch/opensearch-common/2.11.1/opensearch-common-2.11.1.jar:/Users/sethford/.m2/repository/org/opensearch/opensearch-core/2.11.1/opensearch-core-2.11.1.jar:/Users/sethford/.m2/repository/org/opensearch/opensearch-compress/2.11.1/opensearch-compress-2.11.1.jar:/Users/sethford/.m2/repository/com/github/luben/zstd-jni/1.5.5-5/zstd-jni-1.5.5-5.jar:/Users/sethford/.m2/repository/org/opensearch/opensearch-secure-sm/2.11.1/opensearch-secure-sm-2.11.1.jar:/Users/sethford/.m2/repository/org/opensearch/opensearch-x-content/2.11.1/opensearch-x-content-2.11.1.jar:/Users/sethford/.m2/repository/org/yaml/snakeyaml/2.1/snakeyaml-2.1.jar:/Users/sethford/.m2/repository/com/fasterxml/jackson/dataformat/jackson-dataformat-smile/2.15.2/jackson-dataformat-smile-2.15.2.jar:/Users/sethford/.m2/repository/com/fasterxml/jackson/dataformat/jackson-dataformat-yaml/2.15.2/jackson-dataformat-yaml-2.15.2.jar:/Users/sethford/.m2/repository/com/fasterxml/jackson/dataformat/jackson-dataformat-cbor/2.15.2/jackson-dataformat-cbor-2.15.2.jar:/Users/sethford/.m2/repository/org/opensearch/opensearch-geo/2.11.1/opensearch-geo-2.11.1.jar:/Users/sethford/.m2/repository/org/opensearch/opensearch-telemetry/2.11.1/opensearch-telemetry-2.11.1.jar:/Users/sethford/.m2/repository/org/apache/lucene/lucene-core/9.7.0/lucene-core-9.7.0.jar:/Users/sethford/.m2/repository/org/apache/lucene/lucene-analysis-common/9.7.0/lucene-analysis-common-9.7.0.jar:/Users/sethford/.m2/repository/org/apache/lucene/lucene-backward-codecs/9.7.0/lucene-backward-codecs-9.7.0.jar:/Users/sethford/.m2/repository/org/apache/lucene/lucene-grouping/9.7.0/lucene-grouping-9.7.0.jar:/Users/sethford/.m2/repository/org/apache/lucene/lucene-highlighter/9.7.0/lucene-highlighter-9.7.0.jar:/Users/sethford/.m2/repository/org/apache/lucene/lucene-join/9.7.0/lucene-join-9.7.0.jar:/Users/sethford/.m2/repository/org/apache/lucene/lucene-memory/9.7.0/lucene-memory-9.7.0.jar:/Users/sethford/.m2/repository/org/apache/lucene/lucene-misc/9.7.0/lucene-misc-9.7.0.jar:/Users/sethford/.m2/repository/org/apache/lucene/lucene-queries/9.7.0/lucene-queries-9.7.0.jar:/Users/sethford/.m2/repository/org/apache/lucene/lucene-queryparser/9.7.0/lucene-queryparser-9.7.0.jar:/Users/sethford/.m2/repository/org/apache/lucene/lucene-sandbox/9.7.0/lucene-sandbox-9.7.0.jar:/Users/sethford/.m2/repository/org/apache/lucene/lucene-spatial-extras/9.7.0/lucene-spatial-extras-9.7.0.jar:/Users/sethford/.m2/repository/org/apache/lucene/lucene-spatial3d/9.7.0/lucene-spatial3d-9.7.0.jar:/Users/sethford/.m2/repository/org/apache/lucene/lucene-suggest/9.7.0/lucene-suggest-9.7.0.jar:/Users/sethford/.m2/repository/org/opensearch/opensearch-cli/2.11.1/opensearch-cli-2.11.1.jar:/Users/sethford/.m2/repository/net/sf/jopt-simple/jopt-simple/5.0.4/jopt-simple-5.0.4.jar:/Users/sethford/.m2/repository/com/tdunning/t-digest/3.2/t-digest-3.2.jar:/Users/sethford/.m2/repository/org/hdrhistogram/HdrHistogram/2.1.12/HdrHistogram-2.1.12.jar:/Users/sethford/.m2/repository/org/apache/logging/log4j/log4j-api/2.20.0/log4j-api-2.20.0.jar:/Users/sethford/.m2/repository/org/apache/logging/log4j/log4j-jul/2.20.0/log4j-jul-2.20.0.jar:/Users/sethford/.m2/repository/net/java/dev/jna/jna/5.13.0/jna-5.13.0.jar:/Users/sethford/.m2/repository/com/jcraft/jzlib/1.1.3/jzlib-1.1.3.jar:/Users/sethford/.m2/repository/com/google/protobuf/protobuf-java/3.22.3/protobuf-java-3.22.3.jar:/Users/sethford/.m2/repository/jakarta/annotation/jakarta.annotation-api/1.3.5/jakarta.annotation-api-1.3.5.jar:/Users/sethford/.m2/repository/org/opensearch/client/opensearch-java/2.6.0/opensearch-java-2.6.0.jar:/Users/sethford/.m2/repository/com/google/code/findbugs/jsr305/3.0.2/jsr305-3.0.2.jar:/Users/sethford/.m2/repository/org/eclipse/parsson/parsson/1.1.2/parsson-1.1.2.jar:/Users/sethford/.m2/repository/jakarta/json/jakarta.json-api/2.1.2/jakarta.json-api-2.1.2.jar:/Users/sethford/.m2/repository/jakarta/json/bind/jakarta.json.bind-api/2.0.0/jakarta.json.bind-api-2.0.0.jar:/Users/sethford/.m2/repository/org/apache/httpcomponents/client5/httpclient5/5.1.4/httpclient5-5.1.4.jar:/Users/sethford/.m2/repository/org/apache/httpcomponents/core5/httpcore5-h2/5.1.5/httpcore5-h2-5.1.5.jar:/Users/sethford/.m2/repository/org/apache/httpcomponents/core5/httpcore5/5.1.5/httpcore5-5.1.5.jar:/Users/sethford/.m2/repository/org/eclipse/yasson/2.0.2/yasson-2.0.2.jar:/Users/sethford/.m2/repository/org/glassfish/jakarta.json/2.0.0/jakarta.json-2.0.0-module.jar:/Users/sethford/.m2/repository/org/apache/httpcomponents/httpclient/4.5.14/httpclient-4.5.14.jar:/Users/sethford/.m2/repository/org/apache/httpcomponents/httpcore/4.4.16/httpcore-4.4.16.jar:"/>
    <property name="java.vm.vendor" value="Eclipse Adoptium"/>
    <property name="sun.arch.data.model" value="64"/>
    <property name="java.vendor.url" value="https://adoptium.net/"/>
    <property name="user.timezone" value="America/New_York"/>
    <property name="os.name" value="Mac OS X"/>
    <property name="java.vm.specification.version" value="21"/>
    <property name="user.country" value="US"/>
    <property name="sun.java.launcher" value="SUN_STANDARD"/>
    <property name="sun.boot.library.path" value="/Library/Java/JavaVirtualMachines/temurin-21.jdk/Contents/Home/lib"/>
    <property name="sun.java.command" value="/Users/sethford/Downloads/sample-app/EmbeddingFunction/target/surefire/surefirebooter13792271876947656329.jar /Users/sethford/Downloads/sample-app/EmbeddingFunction/target/surefire 2025-02-28T16-10-13_912-jvmRun1 surefire17681954246225732879tmp surefire_018167387121237321253tmp"/>
    <property name="http.nonProxyHosts" value="local|*.local|169.254/16|*.169.254/16"/>
    <property name="jdk.debug" value="release"/>
    <property name="test" value="com.sample.BedrockEmbeddingTest"/>
    <property name="surefire.test.class.path" value="/Users/sethford/Downloads/sample-app/EmbeddingFunction/target/test-classes:/Users/sethford/Downloads/sample-app/EmbeddingFunction/target/classes:/Users/sethford/.m2/repository/com/amazonaws/aws-lambda-java-core/1.2.1/aws-lambda-java-core-1.2.1.jar:/Users/sethford/.m2/repository/com/amazonaws/aws-lambda-java-events/3.11.0/aws-lambda-java-events-3.11.0.jar:/Users/sethford/.m2/repository/joda-time/joda-time/2.6/joda-time-2.6.jar:/Users/sethford/.m2/repository/software/amazon/awssdk/dynamodb/2.20.134/dynamodb-2.20.134.jar:/Users/sethford/.m2/repository/software/amazon/awssdk/aws-json-protocol/2.20.134/aws-json-protocol-2.20.134.jar:/Users/sethford/.m2/repository/software/amazon/awssdk/third-party-jackson-core/2.20.134/third-party-jackson-core-2.20.134.jar:/Users/sethford/.m2/repository/software/amazon/awssdk/protocol-core/2.20.134/protocol-core-2.20.134.jar:/Users/sethford/.m2/repository/software/amazon/awssdk/profiles/2.20.134/profiles-2.20.134.jar:/Users/sethford/.m2/repository/software/amazon/awssdk/sdk-core/2.20.134/sdk-core-2.20.134.jar:/Users/sethford/.m2/repository/org/reactivestreams/reactive-streams/1.0.4/reactive-streams-1.0.4.jar:/Users/sethford/.m2/repository/software/amazon/awssdk/auth/2.20.134/auth-2.20.134.jar:/Users/sethford/.m2/repository/software/amazon/eventstream/eventstream/1.0.1/eventstream-1.0.1.jar:/Users/sethford/.m2/repository/software/amazon/awssdk/http-client-spi/2.20.134/http-client-spi-2.20.134.jar:/Users/sethford/.m2/repository/software/amazon/awssdk/regions/2.20.134/regions-2.20.134.jar:/Users/sethford/.m2/repository/software/amazon/awssdk/annotations/2.20.134/annotations-2.20.134.jar:/Users/sethford/.m2/repository/software/amazon/awssdk/utils/2.20.134/utils-2.20.134.jar:/Users/sethford/.m2/repository/software/amazon/awssdk/aws-core/2.20.134/aws-core-2.20.134.jar:/Users/sethford/.m2/repository/software/amazon/awssdk/metrics-spi/2.20.134/metrics-spi-2.20.134.jar:/Users/sethford/.m2/repository/software/amazon/awssdk/json-utils/2.20.134/json-utils-2.20.134.jar:/Users/sethford/.m2/repository/software/amazon/awssdk/endpoints-spi/2.20.134/endpoints-spi-2.20.134.jar:/Users/sethford/.m2/repository/software/amazon/awssdk/apache-client/2.20.134/apache-client-2.20.134.jar:/Users/sethford/.m2/repository/software/amazon/awssdk/netty-nio-client/2.20.134/netty-nio-client-2.20.134.jar:/Users/sethford/.m2/repository/io/netty/netty-codec-http/4.1.94.Final/netty-codec-http-4.1.94.Final.jar:/Users/sethford/.m2/repository/io/netty/netty-codec-http2/4.1.94.Final/netty-codec-http2-4.1.94.Final.jar:/Users/sethford/.m2/repository/io/netty/netty-codec/4.1.94.Final/netty-codec-4.1.94.Final.jar:/Users/sethford/.m2/repository/io/netty/netty-transport/4.1.94.Final/netty-transport-4.1.94.Final.jar:/Users/sethford/.m2/repository/io/netty/netty-common/4.1.94.Final/netty-common-4.1.94.Final.jar:/Users/sethford/.m2/repository/io/netty/netty-buffer/4.1.94.Final/netty-buffer-4.1.94.Final.jar:/Users/sethford/.m2/repository/io/netty/netty-handler/4.1.94.Final/netty-handler-4.1.94.Final.jar:/Users/sethford/.m2/repository/io/netty/netty-transport-native-unix-common/4.1.94.Final/netty-transport-native-unix-common-4.1.94.Final.jar:/Users/sethford/.m2/repository/io/netty/netty-transport-classes-epoll/4.1.94.Final/netty-transport-classes-epoll-4.1.94.Final.jar:/Users/sethford/.m2/repository/io/netty/netty-resolver/4.1.94.Final/netty-resolver-4.1.94.Final.jar:/Users/sethford/.m2/repository/software/amazon/awssdk/dax/2.30.26/dax-2.30.26.jar:/Users/sethford/.m2/repository/software/amazon/awssdk/http-auth-aws/2.30.26/http-auth-aws-2.30.26.jar:/Users/sethford/.m2/repository/software/amazon/awssdk/checksums-spi/2.30.26/checksums-spi-2.30.26.jar:/Users/sethford/.m2/repository/software/amazon/awssdk/checksums/2.30.26/checksums-2.30.26.jar:/Users/sethford/.m2/repository/software/amazon/awssdk/http-auth-spi/2.30.26/http-auth-spi-2.30.26.jar:/Users/sethford/.m2/repository/software/amazon/awssdk/http-auth/2.30.26/http-auth-2.30.26.jar:/Users/sethford/.m2/repository/software/amazon/awssdk/identity-spi/2.30.26/identity-spi-2.30.26.jar:/Users/sethford/.m2/repository/software/amazon/awssdk/retries-spi/2.30.26/retries-spi-2.30.26.jar:/Users/sethford/.m2/repository/software/amazon/dax/amazon-dax-client/2.0.5/amazon-dax-client-2.0.5.jar:/Users/sethford/.m2/repository/software/amazon/awssdk/bedrockruntime/2.30.26/bedrockruntime-2.30.26.jar:/Users/sethford/.m2/repository/software/amazon/awssdk/cloudwatchlogs/2.20.134/cloudwatchlogs-2.20.134.jar:/Users/sethford/.m2/repository/software/amazon/awssdk/cloudwatch/2.20.134/cloudwatch-2.20.134.jar:/Users/sethford/.m2/repository/software/amazon/awssdk/aws-query-protocol/2.20.134/aws-query-protocol-2.20.134.jar:/Users/sethford/.m2/repository/com/fasterxml/jackson/core/jackson-databind/2.15.0/jackson-databind-2.15.0.jar:/Users/sethford/.m2/repository/com/fasterxml/jackson/core/jackson-annotations/2.15.0/jackson-annotations-2.15.0.jar:/Users/sethford/.m2/repository/com/fasterxml/jackson/core/jackson-core/2.15.0/jackson-core-2.15.0.jar:/Users/sethford/.m2/repository/org/slf4j/slf4j-api/1.7.36/slf4j-api-1.7.36.jar:/Users/sethford/.m2/repository/ch/qos/logback/logback-classic/1.2.11/logback-classic-1.2.11.jar:/Users/sethford/.m2/repository/ch/qos/logback/logback-core/1.2.11/logback-core-1.2.11.jar:/Users/sethford/.m2/repository/com/amazonaws/aws-lambda-java-runtime-interface-client/1.1.0/aws-lambda-java-runtime-interface-client-1.1.0.jar:/Users/sethford/.m2/repository/com/amazonaws/aws-lambda-java-serialization/1.0.0/aws-lambda-java-serialization-1.0.0.jar:/Users/sethford/.m2/repository/org/junit/jupiter/junit-jupiter-api/5.8.1/junit-jupiter-api-5.8.1.jar:/Users/sethford/.m2/repository/org/opentest4j/opentest4j/1.2.0/opentest4j-1.2.0.jar:/Users/sethford/.m2/repository/org/junit/platform/junit-platform-commons/1.8.1/junit-platform-commons-1.8.1.jar:/Users/sethford/.m2/repository/org/apiguardian/apiguardian-api/1.1.2/apiguardian-api-1.1.2.jar:/Users/sethford/.m2/repository/org/junit/jupiter/junit-jupiter-engine/5.8.1/junit-jupiter-engine-5.8.1.jar:/Users/sethford/.m2/repository/org/junit/platform/junit-platform-engine/1.8.1/junit-platform-engine-1.8.1.jar:/Users/sethford/.m2/repository/org/opensearch/client/opensearch-rest-high-level-client/2.11.1/opensearch-rest-high-level-client-2.11.1.jar:/Users/sethford/.m2/repository/org/opensearch/plugin/mapper-extras-client/2.11.1/mapper-extras-client-2.11.1.jar:/Users/sethford/.m2/repository/org/opensearch/plugin/parent-join-client/2.11.1/parent-join-client-2.11.1.jar:/Users/sethford/.m2/repository/org/opensearch/plugin/aggs-matrix-stats-client/2.11.1/aggs-matrix-stats-client-2.11.1.jar:/Users/sethford/.m2/repository/org/opensearch/plugin/rank-eval-client/2.11.1/rank-eval-client-2.11.1.jar:/Users/sethford/.m2/repository/org/opensearch/plugin/lang-mustache-client/2.11.1/lang-mustache-client-2.11.1.jar:/Users/sethford/.m2/repository/com/github/spullara/mustache/java/compiler/0.9.10/compiler-0.9.10.jar:/Users/sethford/.m2/repository/org/opensearch/client/opensearch-rest-client/2.11.1/opensearch-rest-client-2.11.1.jar:/Users/sethford/.m2/repository/org/apache/httpcomponents/httpasyncclient/4.1.5/httpasyncclient-4.1.5.jar:/Users/sethford/.m2/repository/org/apache/httpcomponents/httpcore-nio/4.4.16/httpcore-nio-4.4.16.jar:/Users/sethford/.m2/repository/commons-codec/commons-codec/1.15/commons-codec-1.15.jar:/Users/sethford/.m2/repository/commons-logging/commons-logging/1.2/commons-logging-1.2.jar:/Users/sethford/.m2/repository/org/opensearch/opensearch/2.11.1/opensearch-2.11.1.jar:/Users/sethford/.m2/repository/org/opensearch/opensearch-common/2.11.1/opensearch-common-2.11.1.jar:/Users/sethford/.m2/repository/org/opensearch/opensearch-core/2.11.1/opensearch-core-2.11.1.jar:/Users/sethford/.m2/repository/org/opensearch/opensearch-compress/2.11.1/opensearch-compress-2.11.1.jar:/Users/sethford/.m2/repository/com/github/luben/zstd-jni/1.5.5-5/zstd-jni-1.5.5-5.jar:/Users/sethford/.m2/repository/org/opensearch/opensearch-secure-sm/2.11.1/opensearch-secure-sm-2.11.1.jar:/Users/sethford/.m2/repository/org/opensearch/opensearch-x-content/2.11.1/opensearch-x-content-2.11.1.jar:/Users/sethford/.m2/repository/org/yaml/snakeyaml/2.1/snakeyaml-2.1.jar:/Users/sethford/.m2/repository/com/fasterxml/jackson/dataformat/jackson-dataformat-smile/2.15.2/jackson-dataformat-smile-2.15.2.jar:/Users/sethford/.m2/repository/com/fasterxml/jackson/dataformat/jackson-dataformat-yaml/2.15.2/jackson-dataformat-yaml-2.15.2.jar:/Users/sethford/.m2/repository/com/fasterxml/jackson/dataformat/jackson-dataformat-cbor/2.15.2/jackson-dataformat-cbor-2.15.2.jar:/Users/sethford/.m2/repository/org/opensearch/opensearch-geo/2.11.1/opensearch-geo-2.11.1.jar:/Users/sethford/.m2/repository/org/opensearch/opensearch-telemetry/2.11.1/opensearch-telemetry-2.11.1.jar:/Users/sethford/.m2/repository/org/apache/lucene/lucene-core/9.7.0/lucene-core-9.7.0.jar:/Users/sethford/.m2/repository/org/apache/lucene/lucene-analysis-common/9.7.0/lucene-analysis-common-9.7.0.jar:/Users/sethford/.m2/repository/org/apache/lucene/lucene-backward-codecs/9.7.0/lucene-backward-codecs-9.7.0.jar:/Users/sethford/.m2/repository/org/apache/lucene/lucene-grouping/9.7.0/lucene-grouping-9.7.0.jar:/Users/sethford/.m2/repository/org/apache/lucene/lucene-highlighter/9.7.0/lucene-highlighter-9.7.0.jar:/Users/sethford/.m2/repository/org/apache/lucene/lucene-join/9.7.0/lucene-join-9.7.0.jar:/Users/sethford/.m2/repository/org/apache/lucene/lucene-memory/9.7.0/lucene-memory-9.7.0.jar:/Users/sethford/.m2/repository/org/apache/lucene/lucene-misc/9.7.0/lucene-misc-9.7.0.jar:/Users/sethford/.m2/repository/org/apache/lucene/lucene-queries/9.7.0/lucene-queries-9.7.0.jar:/Users/sethford/.m2/repository/org/apache/lucene/lucene-queryparser/9.7.0/lucene-queryparser-9.7.0.jar:/Users/sethford/.m2/repository/org/apache/lucene/lucene-sandbox/9.7.0/lucene-sandbox-9.7.0.jar:/Users/sethford/.m2/repository/org/apache/lucene/lucene-spatial-extras/9.7.0/lucene-spatial-extras-9.7.0.jar:/Users/sethford/.m2/repository/org/apache/lucene/lucene-spatial3d/9.7.0/lucene-spatial3d-9.7.0.jar:/Users/sethford/.m2/repository/org/apache/lucene/lucene-suggest/9.7.0/lucene-suggest-9.7.0.jar:/Users/sethford/.m2/repository/org/opensearch/opensearch-cli/2.11.1/opensearch-cli-2.11.1.jar:/Users/sethford/.m2/repository/net/sf/jopt-simple/jopt-simple/5.0.4/jopt-simple-5.0.4.jar:/Users/sethford/.m2/repository/com/tdunning/t-digest/3.2/t-digest-3.2.jar:/Users/sethford/.m2/repository/org/hdrhistogram/HdrHistogram/2.1.12/HdrHistogram-2.1.12.jar:/Users/sethford/.m2/repository/org/apache/logging/log4j/log4j-api/2.20.0/log4j-api-2.20.0.jar:/Users/sethford/.m2/repository/org/apache/logging/log4j/log4j-jul/2.20.0/log4j-jul-2.20.0.jar:/Users/sethford/.m2/repository/net/java/dev/jna/jna/5.13.0/jna-5.13.0.jar:/Users/sethford/.m2/repository/com/jcraft/jzlib/1.1.3/jzlib-1.1.3.jar:/Users/sethford/.m2/repository/com/google/protobuf/protobuf-java/3.22.3/protobuf-java-3.22.3.jar:/Users/sethford/.m2/repository/jakarta/annotation/jakarta.annotation-api/1.3.5/jakarta.annotation-api-1.3.5.jar:/Users/sethford/.m2/repository/org/opensearch/client/opensearch-java/2.6.0/opensearch-java-2.6.0.jar:/Users/sethford/.m2/repository/com/google/code/findbugs/jsr305/3.0.2/jsr305-3.0.2.jar:/Users/sethford/.m2/repository/org/eclipse/parsson/parsson/1.1.2/parsson-1.1.2.jar:/Users/sethford/.m2/repository/jakarta/json/jakarta.json-api/2.1.2/jakarta.json-api-2.1.2.jar:/Users/sethford/.m2/repository/jakarta/json/bind/jakarta.json.bind-api/2.0.0/jakarta.json.bind-api-2.0.0.jar:/Users/sethford/.m2/repository/org/apache/httpcomponents/client5/httpclient5/5.1.4/httpclient5-5.1.4.jar:/Users/sethford/.m2/repository/org/apache/httpcomponents/core5/httpcore5-h2/5.1.5/httpcore5-h2-5.1.5.jar:/Users/sethford/.m2/repository/org/apache/httpcomponents/core5/httpcore5/5.1.5/httpcore5-5.1.5.jar:/Users/sethford/.m2/repository/org/eclipse/yasson/2.0.2/yasson-2.0.2.jar:/Users/sethford/.m2/repository/org/glassfish/jakarta.json/2.0.0/jakarta.json-2.0.0-module.jar:/Users/sethford/.m2/repository/org/apache/httpcomponents/httpclient/4.5.14/httpclient-4.5.14.jar:/Users/sethford/.m2/repository/org/apache/httpcomponents/httpcore/4.4.16/httpcore-4.4.16.jar:"/>
    <property name="sun.cpu.endian" value="little"/>
    <property name="user.home" value="/Users/sethford"/>
    <property name="user.language" value="en"/>
    <property name="java.specification.vendor" value="Oracle Corporation"/>
    <property name="java.version.date" value="2025-01-21"/>
    <property name="java.home" value="/Library/Java/JavaVirtualMachines/temurin-21.jdk/Contents/Home"/>
    <property name="file.separator" value="/"/>
    <property name="basedir" value="/Users/sethford/Downloads/sample-app/EmbeddingFunction"/>
    <property name="java.vm.compressedOopsMode" value="Zero based"/>
    <property name="line.separator" value="&#10;"/>
    <property name="java.vm.specification.vendor" value="Oracle Corporation"/>
    <property name="java.specification.name" value="Java Platform API Specification"/>
    <property name="apple.awt.application.name" value="ForkedBooter"/>
    <property name="surefire.real.class.path" value="/Users/sethford/Downloads/sample-app/EmbeddingFunction/target/surefire/surefirebooter13792271876947656329.jar"/>
    <property name="sun.management.compiler" value="HotSpot 64-Bit Tiered Compilers"/>
    <property name="ftp.nonProxyHosts" value="local|*.local|169.254/16|*.169.254/16"/>
    <property name="java.runtime.version" value="21.0.6+7-LTS"/>
    <property name="user.name" value="sethford"/>
    <property name="stdout.encoding" value="UTF-8"/>
    <property name="path.separator" value=":"/>
    <property name="os.version" value="15.3.1"/>
    <property name="java.runtime.name" value="OpenJDK Runtime Environment"/>
    <property name="file.encoding" value="UTF-8"/>
    <property name="java.vm.name" value="OpenJDK 64-Bit Server VM"/>
    <property name="java.vendor.version" value="Temurin-21.0.6+7"/>
    <property name="maven.ext.class.path" value="/Users/sethford/.cursor/extensions/oracle.oracle-java-23.1.0/nbcode/java/maven-nblib/netbeans-eventspy.jar"/>
    <property name="localRepository" value="/Users/sethford/.m2/repository"/>
    <property name="java.vendor.url.bug" value="https://github.com/adoptium/adoptium-support/issues"/>
    <property name="java.io.tmpdir" value="/var/folders/mc/zn1ztjpd2m3c0h4bb2lxlqp00000gn/T/"/>
    <property name="java.version" value="21.0.6"/>
    <property name="user.dir" value="/Users/sethford/Downloads/sample-app/EmbeddingFunction"/>
    <property name="os.arch" value="aarch64"/>
    <property name="java.vm.specification.name" value="Java Virtual Machine Specification"/>
    <property name="native.encoding" value="UTF-8"/>
    <property name="java.library.path" value="/Users/sethford/Library/Java/Extensions:/Library/Java/Extensions:/Network/Library/Java/Extensions:/System/Library/Java/Extensions:/usr/lib/java:."/>
    <property name="java.vm.info" value="mixed mode, sharing"/>
    <property name="stderr.encoding" value="UTF-8"/>
    <property name="java.vendor" value="Eclipse Adoptium"/>
    <property name="java.vm.version" value="21.0.6+7-LTS"/>
    <property name="sun.io.unicode.encoding" value="UnicodeBig"/>
    <property name="socksNonProxyHosts" value="local|*.local|169.254/16|*.169.254/16"/>
    <property name="java.class.version" value="65.0"/>
  </properties>
  <testcase name="testBedrockEmbeddingGeneration" classname="com.sample.BedrockEmbeddingTest" time="0">
    <skipped message="Requires AWS credentials with Bedrock access"/>
  </testcase>
  <testcase name="testCompareEmbeddingSimilarity" classname="com.sample.BedrockEmbeddingTest" time="0">
    <skipped message="Requires AWS credentials with Bedrock access"/>
  </testcase>
  <testcase name="testStoreBedrockEmbedding" classname="com.sample.BedrockEmbeddingTest" time="0">
    <skipped message="Requires AWS credentials with Bedrock and DynamoDB access"/>
  </testcase>
</testsuite>